  AsynchronousFileIO.cpp
  AutoRPC.cpp
  BitStream.cpp
  BitStream_NoTemplate.cpp
  CheckSum.cpp
  CommandParserInterface.cpp
  ConnectionGraph.cpp
D:\CurrGamesProjects\ImpressiveTitleRemakePOCData\Kito_CopyrightFree\deps\RakNet-3.25\Source\CommandParserInterface.cpp(151,2): warning C4996: 'inet_ntoa': Use inet_ntop() or InetNtop() instead or define _WINSOCK_DEPRECATED_NO_WARNINGS to disable deprecated API warnings
D:\CurrGamesProjects\ImpressiveTitleRemakePOCData\Kito_CopyrightFree\deps\RakNet-3.25\Source\CommandParserInterface.cpp(152,69): warning C4996: 'inet_ntoa': Use inet_ntop() or InetNtop() instead or define _WINSOCK_DEPRECATED_NO_WARNINGS to disable deprecated API warnings
  ConsoleServer.cpp
  DataBlockEncryptor.cpp
  DataCompressor.cpp
  DirectoryDeltaTransfer.cpp
  DS_BytePool.cpp
  DS_ByteQueue.cpp
  DS_HuffmanEncodingTree.cpp
  DS_Table.cpp
  EmailSender.cpp
  EncodeClassName.cpp
  EpochTimeToString.cpp
  ExtendedOverlappedPool.cpp
  FileList.cpp
  Génération de code en cours...
  Compilation en cours...
  FileListTransfer.cpp
  FileOperations.cpp
  FormatString.cpp
  FullyConnectedMesh.cpp
  FunctionThread.cpp
  Gen_RPC8.cpp
  GetTime.cpp
  GridSectorizer.cpp
  HTTPConnection.cpp
  Itoa.cpp
  LightweightDatabaseClient.cpp
  LightweightDatabaseCommon.cpp
  LightweightDatabaseServer.cpp
  LinuxStrings.cpp
  LogCommandParser.cpp
  MessageFilter.cpp
  NatPunchthrough.cpp
  NetworkIDManager.cpp
  NetworkIDObject.cpp
  PacketConsoleLogger.cpp
  Génération de code en cours...
  Compilation en cours...
  PacketFileLogger.cpp
  PacketLogger.cpp
  PluginInterface.cpp
  RakMemoryOverride.cpp
  RakNetCommandParser.cpp
  RakNetStatistics.cpp
  RakNetTransport.cpp
  RakNetTypes.cpp
D:\CurrGamesProjects\ImpressiveTitleRemakePOCData\Kito_CopyrightFree\deps\RakNet-3.25\Source\RakNetTypes.cpp(86,24): warning C4996: 'inet_ntoa': Use inet_ntop() or InetNtop() instead or define _WINSOCK_DEPRECATED_NO_WARNINGS to disable deprecated API warnings
  RakNetworkFactory.cpp
  RakPeer.cpp
D:\CurrGamesProjects\ImpressiveTitleRemakePOCData\Kito_CopyrightFree\deps\RakNet-3.25\Source\RakPeer.cpp(137,46): warning C4838: la conversion de 'unsigned int' en 'const int' requiert une conversion restrictive
D:\CurrGamesProjects\ImpressiveTitleRemakePOCData\Kito_CopyrightFree\deps\RakNet-3.25\Source\RakPeer.cpp(137,57): warning C4838: la conversion de 'unsigned int' en 'const int' requiert une conversion restrictive
D:\CurrGamesProjects\ImpressiveTitleRemakePOCData\Kito_CopyrightFree\deps\RakNet-3.25\Source\RakPeer.cpp(137,68): warning C4838: la conversion de 'unsigned int' en 'const int' requiert une conversion restrictive
D:\CurrGamesProjects\ImpressiveTitleRemakePOCData\Kito_CopyrightFree\deps\RakNet-3.25\Source\RakPeer.cpp(374,36): warning C4996: 'inet_addr': Use inet_pton() or InetPton() instead or define _WINSOCK_DEPRECATED_NO_WARNINGS to disable deprecated API warnings
D:\CurrGamesProjects\ImpressiveTitleRemakePOCData\Kito_CopyrightFree\deps\RakNet-3.25\Source\RakPeer.cpp(376,36): warning C4996: 'inet_addr': Use inet_pton() or InetPton() instead or define _WINSOCK_DEPRECATED_NO_WARNINGS to disable deprecated API warnings
  -- RakNet: _RAKNET_THREADSAFE not defined.  Do NOT use multiple threads on the same instance of RakPeer (Fast!). --
  -- RakNet: Using WaitForSingleObject. Comment out USE_WAIT_FOR_MULTIPLE_EVENTS in RakNetDefines.h if you want to use Sleep instead. --
  RakSleep.cpp
  RakString.cpp
  RakThread.cpp
  Rand.cpp
  ReadyEvent.cpp
  ReliabilityLayer.cpp
  ReplicaManager.cpp
  ReplicaManager2.cpp
  rijndael.cpp
  Router.cpp
  Génération de code en cours...
  Compilation en cours...
  RPCMap.cpp
  SHA1.cpp
  SimpleMutex.cpp
  SocketLayer.cpp
D:\CurrGamesProjects\ImpressiveTitleRemakePOCData\Kito_CopyrightFree\deps\RakNet-3.25\Source\SocketLayer.cpp(283,43): warning C4996: 'inet_addr': Use inet_pton() or InetPton() instead or define _WINSOCK_DEPRECATED_NO_WARNINGS to disable deprecated API warnings
D:\CurrGamesProjects\ImpressiveTitleRemakePOCData\Kito_CopyrightFree\deps\RakNet-3.25\Source\SocketLayer.cpp(348,25): warning C4996: 'gethostbyname': Use getaddrinfo() or GetAddrInfoW() instead or define _WINSOCK_DEPRECATED_NO_WARNINGS to disable deprecated API warnings
D:\CurrGamesProjects\ImpressiveTitleRemakePOCData\Kito_CopyrightFree\deps\RakNet-3.25\Source\SocketLayer.cpp(361,9): warning C4996: 'inet_ntoa': Use inet_ntop() or InetNtop() instead or define _WINSOCK_DEPRECATED_NO_WARNINGS to disable deprecated API warnings
D:\CurrGamesProjects\ImpressiveTitleRemakePOCData\Kito_CopyrightFree\deps\RakNet-3.25\Source\SocketLayer.cpp(589,18): warning C4996: 'inet_addr': Use inet_pton() or InetPton() instead or define _WINSOCK_DEPRECATED_NO_WARNINGS to disable deprecated API warnings
D:\CurrGamesProjects\ImpressiveTitleRemakePOCData\Kito_CopyrightFree\deps\RakNet-3.25\Source\SocketLayer.cpp(665,24): warning C4996: 'gethostbyname': Use getaddrinfo() or GetAddrInfoW() instead or define _WINSOCK_DEPRECATED_NO_WARNINGS to disable deprecated API warnings
D:\CurrGamesProjects\ImpressiveTitleRemakePOCData\Kito_CopyrightFree\deps\RakNet-3.25\Source\SocketLayer.cpp(693,24): warning C4996: 'inet_ntoa': Use inet_ntop() or InetNtop() instead or define _WINSOCK_DEPRECATED_NO_WARNINGS to disable deprecated API warnings
  StringCompressor.cpp
  StringTable.cpp
  SuperFastHash.cpp
  SystemAddressList.cpp
  TableSerializer.cpp
  TCPInterface.cpp
D:\CurrGamesProjects\ImpressiveTitleRemakePOCData\Kito_CopyrightFree\deps\RakNet-3.25\Source\TCPInterface.cpp(198,45): warning C4996: 'inet_addr': Use inet_pton() or InetPton() instead or define _WINSOCK_DEPRECATED_NO_WARNINGS to disable deprecated API warnings
D:\CurrGamesProjects\ImpressiveTitleRemakePOCData\Kito_CopyrightFree\deps\RakNet-3.25\Source\TCPInterface.cpp(361,11): warning C4996: 'gethostbyname': Use getaddrinfo() or GetAddrInfoW() instead or define _WINSOCK_DEPRECATED_NO_WARNINGS to disable deprecated API warnings
  TelnetTransport.cpp
  ThreadsafePacketLogger.cpp
  _FindFirst.cpp
  Génération de code en cours...
C:\Program Files\Microsoft Visual Studio\2022\Community\MSBuild\Microsoft\VC\v170\Microsoft.CppBuild.targets(1564,5): warning MSB8012: TargetPath(D:\CurrGamesProjects\ImpressiveTitleRemakePOCData\Kito_CopyrightFree\deps\RakNet-3.25\x64\Release\LibStatic.lib) ne correspond pas à la valeur de la propriété OutputFile (D:\CurrGamesProjects\ImpressiveTitleRemakePOCData\Kito_CopyrightFree\deps\RakNet-3.25\RakNetLibStatic.lib) de Library. Cela peut entraîner une génération incorrecte de votre projet. Pour corriger ce problème, vérifiez que les valeurs des propriétés $(OutDir), $(TargetName) et $(TargetExt) correspondent à la valeur spécifiée dans %(Lib.OutputFile).
C:\Program Files\Microsoft Visual Studio\2022\Community\MSBuild\Microsoft\VC\v170\Microsoft.CppBuild.targets(1566,5): warning MSB8012: TargetName(LibStatic) ne correspond pas à la valeur de la propriété OutputFile (RakNetLibStatic) de Library. Cela peut entraîner une génération incorrecte de votre projet. Pour corriger ce problème, vérifiez que les valeurs des propriétés $(OutDir), $(TargetName) et $(TargetExt) correspondent à la valeur spécifiée dans %(Lib.OutputFile).
  LibStatic_vc8.vcxproj -> D:\CurrGamesProjects\ImpressiveTitleRemakePOCData\Kito_CopyrightFree\deps\RakNet-3.25\x64\Release\LibStatic.lib
